#
# There is insufficient memory for the Java Runtime Environment to continue.
# Native memory allocation (malloc) failed to allocate 1374336 bytes. Error detail: Chunk::new
# Possible reasons:
#   The system is out of physical RAM or swap space
#   This process is running with CompressedOops enabled, and the Java Heap may be blocking the growth of the native heap
# Possible solutions:
#   Reduce memory load on the system
#   Increase physical memory or swap space
#   Check if swap backing store is full
#   Decrease Java heap size (-Xmx/-Xms)
#   Decrease number of Java threads
#   Decrease Java thread stack sizes (-Xss)
#   Set larger code cache with -XX:ReservedCodeCacheSize=
#   JVM is running with Unscaled Compressed Oops mode in which the Java heap is
#     placed in the first 4GB address space. The Java Heap base address is the
#     maximum limit for the native heap growth. Please use -XX:HeapBaseMinAddress
#     to set the Java Heap base and to place the Java Heap above 4GB virtual address.
# This output file may be truncated or incomplete.
#
#  Out of Memory Error (arena.cpp:191), pid=33992, tid=22172
#
# JRE version: OpenJDK Runtime Environment Temurin-17.0.17+10 (17.0.17+10) (build 17.0.17+10)
# Java VM: OpenJDK 64-Bit Server VM Temurin-17.0.17+10 (17.0.17+10, mixed mode, sharing, tiered, compressed oops, compressed class ptrs, g1 gc, windows-amd64)
# No core dump will be written. Minidumps are not enabled by default on client versions of Windows
#

---------------  S U M M A R Y ------------

Command Line: org.jetbrains.kotlin.cli.jvm.K2JVMCompiler @C:\flutter\src\flutter\packages\flutter_tools\gradle\build\20260114_6756342703584106527.compiler.options

Host: AMD Ryzen 5 5500U with Radeon Graphics         , 12 cores, 7G,  Windows 11 , 64 bit Build 26100 (10.0.26100.1620)
Time: Wed Jan 14 13:19:08 2026 India Standard Time elapsed time: 22.876581 seconds (0d 0h 0m 22s)

---------------  T H R E A D  ---------------

Current thread (0x000002af1c52bda0):  JavaThread "C2 CompilerThread1" daemon [_thread_in_native, id=22172, stack(0x000000c153c00000,0x000000c153d00000)]


Current CompileTask:
C2:22876 10815       4       org.jetbrains.kotlin.types.AbstractTypeChecker::isSubtypeOf (46 bytes)

Stack: [0x000000c153c00000,0x000000c153d00000]
Native frames: (J=compiled Java code, j=interpreted, Vv=VM code, C=native code)
V  [jvm.dll+0x683fb9]
V  [jvm.dll+0x83a1b5]
V  [jvm.dll+0x83bc2e]
V  [jvm.dll+0x83c2b3]
V  [jvm.dll+0x248eff]
V  [jvm.dll+0xad496]
V  [jvm.dll+0xadb3c]
V  [jvm.dll+0x2b05df]
V  [jvm.dll+0x58a5b5]
V  [jvm.dll+0x222e84]
V  [jvm.dll+0x22327d]
V  [jvm.dll+0x21bfdb]
V  [jvm.dll+0x2190fe]
V  [jvm.dll+0x1a4920]
V  [jvm.dll+0x22989a]
V  [jvm.dll+0x227a4b]
V  [jvm.dll+0x7effb8]
V  [jvm.dll+0x7ea44c]
V  [jvm.dll+0x682e87]
C  [ucrtbase.dll+0x14ea0]
C  [KERNEL32.DLL+0x2dbe7]
C  [ntdll.dll+0x85a4c]


---------------  P R O C E S S  ---------------

Threads class SMR info:
_java_thread_list=0x000002af1ce202b0, length=14, elements={
0x000002aeaefab000, 0x000002aecd3b3de0, 0x000002aecd3b47a0, 0x000002aecdb42730,
0x000002aecdb430f0, 0x000002aecdb43ab0, 0x000002aecdb44470, 0x000002aecdb47170,
0x000002aecdb48390, 0x000002aecdb52fd0, 0x000002aecdc99900, 0x000002aecdc9ce70,
0x000002af1c52bda0, 0x000002af13d11670
}

Java Threads: ( => current thread )
  0x000002aeaefab000 JavaThread "main" [_thread_in_Java, id=16896, stack(0x000000c152100000,0x000000c152200000)]
  0x000002aecd3b3de0 JavaThread "Reference Handler" daemon [_thread_blocked, id=33336, stack(0x000000c152800000,0x000000c152900000)]
  0x000002aecd3b47a0 JavaThread "Finalizer" daemon [_thread_blocked, id=18852, stack(0x000000c152900000,0x000000c152a00000)]
  0x000002aecdb42730 JavaThread "Signal Dispatcher" daemon [_thread_blocked, id=16024, stack(0x000000c152a00000,0x000000c152b00000)]
  0x000002aecdb430f0 JavaThread "Attach Listener" daemon [_thread_blocked, id=25000, stack(0x000000c152b00000,0x000000c152c00000)]
  0x000002aecdb43ab0 JavaThread "Service Thread" daemon [_thread_blocked, id=33588, stack(0x000000c152c00000,0x000000c152d00000)]
  0x000002aecdb44470 JavaThread "Monitor Deflation Thread" daemon [_thread_blocked, id=34804, stack(0x000000c152d00000,0x000000c152e00000)]
  0x000002aecdb47170 JavaThread "C2 CompilerThread0" daemon [_thread_in_native, id=30436, stack(0x000000c152e00000,0x000000c152f00000)]
  0x000002aecdb48390 JavaThread "C1 CompilerThread0" daemon [_thread_in_vm, id=30372, stack(0x000000c152f00000,0x000000c153000000)]
  0x000002aecdb52fd0 JavaThread "Sweeper thread" daemon [_thread_blocked, id=28540, stack(0x000000c153000000,0x000000c153100000)]
  0x000002aecdc99900 JavaThread "Notification Thread" daemon [_thread_blocked, id=6288, stack(0x000000c153100000,0x000000c153200000)]
  0x000002aecdc9ce70 JavaThread "Common-Cleaner" daemon [_thread_blocked, id=20636, stack(0x000000c153300000,0x000000c153400000)]
=>0x000002af1c52bda0 JavaThread "C2 CompilerThread1" daemon [_thread_in_native, id=22172, stack(0x000000c153c00000,0x000000c153d00000)]
  0x000002af13d11670 JavaThread "C2 CompilerThread2" daemon [_thread_in_native, id=29812, stack(0x000000c153d00000,0x000000c153e00000)]

Other Threads:
  0x000002aecd3af9a0 VMThread "VM Thread" [stack: 0x000000c152700000,0x000000c152800000] [id=26908]
  0x000002aecdc9a1f0 WatcherThread [stack: 0x000000c153200000,0x000000c153300000] [id=3480]
  0x000002aeaf005aa0 GCTaskThread "GC Thread#0" [stack: 0x000000c152200000,0x000000c152300000] [id=34384]
  0x000002af13231ff0 GCTaskThread "GC Thread#1" [stack: 0x000000c153400000,0x000000c153500000] [id=26044]
  0x000002af132b2a50 GCTaskThread "GC Thread#2" [stack: 0x000000c153500000,0x000000c153600000] [id=8312]
  0x000002af132b3120 GCTaskThread "GC Thread#3" [stack: 0x000000c153600000,0x000000c153700000] [id=24884]
  0x000002af132b33e0 GCTaskThread "GC Thread#4" [stack: 0x000000c153700000,0x000000c153800000] [id=3704]
  0x000002af132b3eb0 GCTaskThread "GC Thread#5" [stack: 0x000000c153800000,0x000000c153900000] [id=11912]
  0x000002af138f2f10 GCTaskThread "GC Thread#6" [stack: 0x000000c153900000,0x000000c153a00000] [id=25452]
  0x000002af137fec90 GCTaskThread "GC Thread#7" [stack: 0x000000c153a00000,0x000000c153b00000] [id=25056]
  0x000002af13953120 GCTaskThread "GC Thread#8" [stack: 0x000000c153b00000,0x000000c153c00000] [id=12128]
  0x000002af13ad60a0 GCTaskThread "GC Thread#9" [stack: 0x000000c153e00000,0x000000c153f00000] [id=2724]
  0x000002aeaf0325a0 ConcurrentGCThread "G1 Main Marker" [stack: 0x000000c152300000,0x000000c152400000] [id=20972]
  0x000002aeaf033660 ConcurrentGCThread "G1 Conc#0" [stack: 0x000000c152400000,0x000000c152500000] [id=16184]
  0x000002af13ad6360 ConcurrentGCThread "G1 Conc#1" [stack: 0x000000c154500000,0x000000c154600000] [id=25584]
  0x000002af13ad6e60 ConcurrentGCThread "G1 Conc#2" [stack: 0x000000c154600000,0x000000c154700000] [id=23604]
  0x000002aecd26e450 ConcurrentGCThread "G1 Refine#0" [stack: 0x000000c152500000,0x000000c152600000] [id=29456]
  0x000002af1cf2e3e0 ConcurrentGCThread "G1 Refine#1" [stack: 0x000000c153f00000,0x000000c154000000] [id=34288]
  0x000002af1d779b80 ConcurrentGCThread "G1 Refine#2" [stack: 0x000000c154000000,0x000000c154100000] [id=6860]
  0x000002af1475bdd0 ConcurrentGCThread "G1 Refine#3" [stack: 0x000000c154100000,0x000000c154200000] [id=34284]
  0x000002af14461600 ConcurrentGCThread "G1 Refine#4" [stack: 0x000000c154200000,0x000000c154300000] [id=2592]
  0x000002af14461be0 ConcurrentGCThread "G1 Refine#5" [stack: 0x000000c154300000,0x000000c154400000] [id=14020]
  0x000002af144618f0 ConcurrentGCThread "G1 Refine#6" [stack: 0x000000c154400000,0x000000c154500000] [id=31364]
  0x000002aecd270240 ConcurrentGCThread "G1 Service" [stack: 0x000000c152600000,0x000000c152700000] [id=21472]

Threads with active compile tasks:
C2 CompilerThread0  22928 10836       4       org.jetbrains.kotlin.resolve.calls.inference.model.NewConstraintSystemImpl::addSubtypeConstraint (68 bytes)
C2 CompilerThread1  22928 10815       4       org.jetbrains.kotlin.types.AbstractTypeChecker::isSubtypeOf (46 bytes)
C2 CompilerThread2  22928 10636       4       org.jetbrains.kotlin.types.AbstractTypeChecker::isSubtypeOfForSingleClassifierType (1073 bytes)

VM state: not at safepoint (normal execution)

VM Mutex/Monitor currently owned by a thread: None

Heap address: 0x000000008ac00000, size: 1876 MB, Compressed Oops mode: 32-bit

CDS archive(s) mapped at: [0x000002aece000000-0x000002aecebb0000-0x000002aecebb0000), size 12255232, SharedBaseAddress: 0x000002aece000000, ArchiveRelocationMode: 1.
Compressed class space mapped at: 0x000002aecf000000-0x000002af0f000000, reserved size: 1073741824
Narrow klass base: 0x000002aece000000, Narrow klass shift: 0, Narrow klass range: 0x100000000

GC Precious Log:
 CPUs: 12 total, 12 available
 Memory: 7501M
 Large Page Support: Disabled
 NUMA Support: Disabled
 Compressed Oops: Enabled (32-bit)
 Heap Region Size: 1M
 Heap Min Capacity: 8M
 Heap Initial Capacity: 118M
 Heap Max Capacity: 1876M
 Pre-touch: Disabled
 Parallel Workers: 10
 Concurrent Workers: 3
 Concurrent Refinement Workers: 10
 Periodic GC: Disabled

Heap:
 garbage-first heap   total 128000K, used 96076K [0x000000008ac00000, 0x0000000100000000)
  region size 1024K, 17 young (17408K), 1 survivors (1024K)
 Metaspace       used 55092K, committed 55488K, reserved 1114112K
  class space    used 6223K, committed 6400K, reserved 1048576K

Heap Regions: E=young(eden), S=young(survivor), O=old, HS=humongous(starts), HC=humongous(continues), CS=collection set, F=free, OA=open archive, CA=closed archive, TAMS=top-at-mark-start (previous, next)
|   0|0x000000008ac00000, 0x000000008ad00000, 0x000000008ad00000|100%|HS|  |TAMS 0x000000008ad00000, 0x000000008ac00000| Complete 
|   1|0x000000008ad00000, 0x000000008ae00000, 0x000000008ae00000|100%|HC|  |TAMS 0x000000008ae00000, 0x000000008ad00000| Complete 
|   2|0x000000008ae00000, 0x000000008af00000, 0x000000008af00000|100%|HC|  |TAMS 0x000000008af00000, 0x000000008ae00000| Complete 
|   3|0x000000008af00000, 0x000000008b000000, 0x000000008b000000|100%| O|  |TAMS 0x000000008b000000, 0x000000008af00000| Untracked 
|   4|0x000000008b000000, 0x000000008b100000, 0x000000008b100000|100%| O|  |TAMS 0x000000008b100000, 0x000000008b000000| Untracked 
|   5|0x000000008b100000, 0x000000008b200000, 0x000000008b200000|100%| O|  |TAMS 0x000000008b200000, 0x000000008b100000| Untracked 
|   6|0x000000008b200000, 0x000000008b300000, 0x000000008b300000|100%| O|  |TAMS 0x000000008b300000, 0x000000008b200000| Untracked 
|   7|0x000000008b300000, 0x000000008b400000, 0x000000008b400000|100%| O|  |TAMS 0x000000008b400000, 0x000000008b300000| Untracked 
|   8|0x000000008b400000, 0x000000008b500000, 0x000000008b500000|100%| O|  |TAMS 0x000000008b500000, 0x000000008b400000| Untracked 
|   9|0x000000008b500000, 0x000000008b600000, 0x000000008b600000|100%| O|  |TAMS 0x000000008b600000, 0x000000008b500000| Untracked 
|  10|0x000000008b600000, 0x000000008b700000, 0x000000008b700000|100%| O|  |TAMS 0x000000008b700000, 0x000000008b600000| Untracked 
|  11|0x000000008b700000, 0x000000008b800000, 0x000000008b800000|100%| O|  |TAMS 0x000000008b800000, 0x000000008b700000| Untracked 
|  12|0x000000008b800000, 0x000000008b900000, 0x000000008b900000|100%| O|  |TAMS 0x000000008b900000, 0x000000008b800000| Untracked 
|  13|0x000000008b900000, 0x000000008ba00000, 0x000000008ba00000|100%| O|  |TAMS 0x000000008ba00000, 0x000000008b900000| Untracked 
|  14|0x000000008ba00000, 0x000000008bb00000, 0x000000008bb00000|100%|HS|  |TAMS 0x000000008bb00000, 0x000000008ba00000| Complete 
|  15|0x000000008bb00000, 0x000000008bc00000, 0x000000008bc00000|100%| O|  |TAMS 0x000000008bc00000, 0x000000008bb00000| Untracked 
|  16|0x000000008bc00000, 0x000000008bc00000, 0x000000008bd00000|  0%| F|  |TAMS 0x000000008bc00000, 0x000000008bc00000| Untracked 
|  17|0x000000008bd00000, 0x000000008be00000, 0x000000008be00000|100%|HS|  |TAMS 0x000000008be00000, 0x000000008bd00000| Complete 
|  18|0x000000008be00000, 0x000000008bf00000, 0x000000008bf00000|100%|HS|  |TAMS 0x000000008bf00000, 0x000000008be00000| Complete 
|  19|0x000000008bf00000, 0x000000008c000000, 0x000000008c000000|100%| O|  |TAMS 0x000000008c000000, 0x000000008bf00000| Untracked 
|  20|0x000000008c000000, 0x000000008c100000, 0x000000008c100000|100%| O|  |TAMS 0x000000008c100000, 0x000000008c000000| Untracked 
|  21|0x000000008c100000, 0x000000008c200000, 0x000000008c200000|100%| O|  |TAMS 0x000000008c200000, 0x000000008c100000| Untracked 
|  22|0x000000008c200000, 0x000000008c300000, 0x000000008c300000|100%| O|  |TAMS 0x000000008c300000, 0x000000008c200000| Untracked 
|  23|0x000000008c300000, 0x000000008c400000, 0x000000008c400000|100%| O|  |TAMS 0x000000008c400000, 0x000000008c300000| Untracked 
|  24|0x000000008c400000, 0x000000008c500000, 0x000000008c500000|100%| O|  |TAMS 0x000000008c500000, 0x000000008c400000| Untracked 
|  25|0x000000008c500000, 0x000000008c600000, 0x000000008c600000|100%| O|  |TAMS 0x000000008c600000, 0x000000008c500000| Untracked 
|  26|0x000000008c600000, 0x000000008c700000, 0x000000008c700000|100%| O|  |TAMS 0x000000008c700000, 0x000000008c600000| Untracked 
|  27|0x000000008c700000, 0x000000008c800000, 0x000000008c800000|100%| O|  |TAMS 0x000000008c800000, 0x000000008c700000| Untracked 
|  28|0x000000008c800000, 0x000000008c900000, 0x000000008c900000|100%| O|  |TAMS 0x000000008c900000, 0x000000008c800000| Untracked 
|  29|0x000000008c900000, 0x000000008ca00000, 0x000000008ca00000|100%|HS|  |TAMS 0x000000008ca00000, 0x000000008c900000| Complete 
|  30|0x000000008ca00000, 0x000000008cb00000, 0x000000008cb00000|100%|HC|  |TAMS 0x000000008cb00000, 0x000000008ca00000| Complete 
|  31|0x000000008cb00000, 0x000000008cc00000, 0x000000008cc00000|100%|HC|  |TAMS 0x000000008cc00000, 0x000000008cb00000| Complete 
|  32|0x000000008cc00000, 0x000000008cd00000, 0x000000008cd00000|100%|HC|  |TAMS 0x000000008cd00000, 0x000000008cc00000| Complete 
|  33|0x000000008cd00000, 0x000000008ce00000, 0x000000008ce00000|100%|HC|  |TAMS 0x000000008ce00000, 0x000000008cd00000| Complete 
|  34|0x000000008ce00000, 0x000000008cf00000, 0x000000008cf00000|100%|HC|  |TAMS 0x000000008cf00000, 0x000000008ce00000| Complete 
|  35|0x000000008cf00000, 0x000000008d000000, 0x000000008d000000|100%|HS|  |TAMS 0x000000008d000000, 0x000000008cf00000| Complete 
|  36|0x000000008d000000, 0x000000008d100000, 0x000000008d100000|100%|HC|  |TAMS 0x000000008d100000, 0x000000008d000000| Complete 
|  37|0x000000008d100000, 0x000000008d200000, 0x000000008d200000|100%| O|  |TAMS 0x000000008d200000, 0x000000008d100000| Untracked 
|  38|0x000000008d200000, 0x000000008d300000, 0x000000008d300000|100%| O|  |TAMS 0x000000008d300000, 0x000000008d200000| Untracked 
|  39|0x000000008d300000, 0x000000008d400000, 0x000000008d400000|100%| O|  |TAMS 0x000000008d400000, 0x000000008d300000| Untracked 
|  40|0x000000008d400000, 0x000000008d500000, 0x000000008d500000|100%| O|  |TAMS 0x000000008d500000, 0x000000008d400000| Untracked 
|  41|0x000000008d500000, 0x000000008d600000, 0x000000008d600000|100%| O|  |TAMS 0x000000008d600000, 0x000000008d500000| Untracked 
|  42|0x000000008d600000, 0x000000008d700000, 0x000000008d700000|100%| O|  |TAMS 0x000000008d700000, 0x000000008d600000| Untracked 
|  43|0x000000008d700000, 0x000000008d800000, 0x000000008d800000|100%| O|  |TAMS 0x000000008d800000, 0x000000008d700000| Untracked 
|  44|0x000000008d800000, 0x000000008d900000, 0x000000008d900000|100%| O|  |TAMS 0x000000008d900000, 0x000000008d800000| Untracked 
|  45|0x000000008d900000, 0x000000008da00000, 0x000000008da00000|100%| O|  |TAMS 0x000000008da00000, 0x000000008d900000| Untracked 
|  46|0x000000008da00000, 0x000000008db00000, 0x000000008db00000|100%| O|  |TAMS 0x000000008db00000, 0x000000008da00000| Untracked 
|  47|0x000000008db00000, 0x000000008dc00000, 0x000000008dc00000|100%| O|  |TAMS 0x000000008dc00000, 0x000000008db00000| Untracked 
|  48|0x000000008dc00000, 0x000000008dd00000, 0x000000008dd00000|100%| O|  |TAMS 0x000000008dd00000, 0x000000008dc00000| Untracked 
|  49|0x000000008dd00000, 0x000000008de00000, 0x000000008de00000|100%| O|  |TAMS 0x000000008de00000, 0x000000008dd00000| Untracked 
|  50|0x000000008de00000, 0x000000008df00000, 0x000000008df00000|100%| O|  |TAMS 0x000000008df00000, 0x000000008de00000| Untracked 
|  51|0x000000008df00000, 0x000000008e000000, 0x000000008e000000|100%| O|  |TAMS 0x000000008e000000, 0x000000008df00000| Untracked 
|  52|0x000000008e000000, 0x000000008e100000, 0x000000008e100000|100%| O|  |TAMS 0x000000008e100000, 0x000000008e000000| Untracked 
|  53|0x000000008e100000, 0x000000008e200000, 0x000000008e200000|100%| O|  |TAMS 0x000000008e200000, 0x000000008e100000| Untracked 
|  54|0x000000008e200000, 0x000000008e300000, 0x000000008e300000|100%| O|  |TAMS 0x000000008e300000, 0x000000008e200000| Untracked 
|  55|0x000000008e300000, 0x000000008e400000, 0x000000008e400000|100%| O|  |TAMS 0x000000008e400000, 0x000000008e300000| Untracked 
|  56|0x000000008e400000, 0x000000008e500000, 0x000000008e500000|100%| O|  |TAMS 0x000000008e500000, 0x000000008e400000| Untracked 
|  57|0x000000008e500000, 0x000000008e600000, 0x000000008e600000|100%| O|  |TAMS 0x000000008e600000, 0x000000008e500000| Untracked 
|  58|0x000000008e600000, 0x000000008e700000, 0x000000008e700000|100%| O|  |TAMS 0x000000008e700000, 0x000000008e600000| Untracked 
|  59|0x000000008e700000, 0x000000008e800000, 0x000000008e800000|100%| O|  |TAMS 0x000000008e800000, 0x000000008e700000| Untracked 
|  60|0x000000008e800000, 0x000000008e900000, 0x000000008e900000|100%| O|  |TAMS 0x000000008e900000, 0x000000008e800000| Untracked 
|  61|0x000000008e900000, 0x000000008ea00000, 0x000000008ea00000|100%| O|  |TAMS 0x000000008ea00000, 0x000000008e900000| Untracked 
|  62|0x000000008ea00000, 0x000000008eb00000, 0x000000008eb00000|100%| O|  |TAMS 0x000000008eb00000, 0x000000008ea00000| Untracked 
|  63|0x000000008eb00000, 0x000000008ec00000, 0x000000008ec00000|100%| O|  |TAMS 0x000000008ec00000, 0x000000008eb00000| Untracked 
|  64|0x000000008ec00000, 0x000000008ed00000, 0x000000008ed00000|100%| O|  |TAMS 0x000000008ed00000, 0x000000008ec00000| Untracked 
|  65|0x000000008ed00000, 0x000000008ee00000, 0x000000008ee00000|100%| O|  |TAMS 0x000000008ee00000, 0x000000008ed00000| Untracked 
|  66|0x000000008ee00000, 0x000000008ef00000, 0x000000008ef00000|100%| O|  |TAMS 0x000000008ee00000, 0x000000008ee00000| Untracked 
|  67|0x000000008ef00000, 0x000000008f000000, 0x000000008f000000|100%| O|  |TAMS 0x000000008ef00000, 0x000000008ef00000| Untracked 
|  68|0x000000008f000000, 0x000000008f100000, 0x000000008f100000|100%| O|  |TAMS 0x000000008f000000, 0x000000008f000000| Untracked 
|  69|0x000000008f100000, 0x000000008f200000, 0x000000008f200000|100%| O|  |TAMS 0x000000008f100000, 0x000000008f100000| Untracked 
|  70|0x000000008f200000, 0x000000008f300000, 0x000000008f300000|100%|HS|  |TAMS 0x000000008f200000, 0x000000008f200000| Complete 
|  71|0x000000008f300000, 0x000000008f400000, 0x000000008f400000|100%|HC|  |TAMS 0x000000008f300000, 0x000000008f300000| Complete 
|  72|0x000000008f400000, 0x000000008f500000, 0x000000008f500000|100%| O|  |TAMS 0x000000008f400000, 0x000000008f400000| Untracked 
|  73|0x000000008f500000, 0x000000008f600000, 0x000000008f600000|100%| O|  |TAMS 0x000000008f500000, 0x000000008f500000| Untracked 
|  74|0x000000008f600000, 0x000000008f700000, 0x000000008f700000|100%| O|  |TAMS 0x000000008f600000, 0x000000008f600000| Untracked 
|  75|0x000000008f700000, 0x000000008f800000, 0x000000008f800000|100%| O|  |TAMS 0x000000008f700000, 0x000000008f700000| Untracked 
|  76|0x000000008f800000, 0x000000008f900000, 0x000000008f900000|100%| O|  |TAMS 0x000000008f800000, 0x000000008f800000| Untracked 
|  77|0x000000008f900000, 0x000000008fa00000, 0x000000008fa00000|100%| O|  |TAMS 0x000000008f900000, 0x000000008f900000| Untracked 
|  78|0x000000008fa00000, 0x000000008fb00000, 0x000000008fb00000|100%| O|  |TAMS 0x000000008fa00000, 0x000000008fa00000| Untracked 
|  79|0x000000008fb00000, 0x000000008fb3c400, 0x000000008fc00000| 23%| O|  |TAMS 0x000000008fb00000, 0x000000008fb00000| Untracked 
|  80|0x000000008fc00000, 0x000000008fc00000, 0x000000008fd00000|  0%| F|  |TAMS 0x000000008fc00000, 0x000000008fc00000| Untracked 
|  81|0x000000008fd00000, 0x000000008fd00000, 0x000000008fe00000|  0%| F|  |TAMS 0x000000008fd00000, 0x000000008fd00000| Untracked 
|  82|0x000000008fe00000, 0x000000008fe00000, 0x000000008ff00000|  0%| F|  |TAMS 0x000000008fe00000, 0x000000008fe00000| Untracked 
|  83|0x000000008ff00000, 0x000000008ff00000, 0x0000000090000000|  0%| F|  |TAMS 0x000000008ff00000, 0x000000008ff00000| Untracked 
|  84|0x0000000090000000, 0x0000000090000000, 0x0000000090100000|  0%| F|  |TAMS 0x0000000090000000, 0x0000000090000000| Untracked 
|  85|0x0000000090100000, 0x0000000090100000, 0x0000000090200000|  0%| F|  |TAMS 0x0000000090100000, 0x0000000090100000| Untracked 
|  86|0x0000000090200000, 0x0000000090200000, 0x0000000090300000|  0%| F|  |TAMS 0x0000000090200000, 0x0000000090200000| Untracked 
|  87|0x0000000090300000, 0x0000000090300000, 0x0000000090400000|  0%| F|  |TAMS 0x0000000090300000, 0x0000000090300000| Untracked 
|  88|0x0000000090400000, 0x0000000090400000, 0x0000000090500000|  0%| F|  |TAMS 0x0000000090400000, 0x0000000090400000| Untracked 
|  89|0x0000000090500000, 0x0000000090500000, 0x0000000090600000|  0%| F|  |TAMS 0x0000000090500000, 0x0000000090500000| Untracked 
|  90|0x0000000090600000, 0x0000000090600000, 0x0000000090700000|  0%| F|  |TAMS 0x0000000090600000, 0x0000000090600000| Untracked 
|  91|0x0000000090700000, 0x0000000090700000, 0x0000000090800000|  0%| F|  |TAMS 0x0000000090700000, 0x0000000090700000| Untracked 
|  92|0x0000000090800000, 0x0000000090800000, 0x0000000090900000|  0%| F|  |TAMS 0x0000000090800000, 0x0000000090800000| Untracked 
|  93|0x0000000090900000, 0x0000000090900000, 0x0000000090a00000|  0%| F|  |TAMS 0x0000000090900000, 0x0000000090900000| Untracked 
|  94|0x0000000090a00000, 0x0000000090a00000, 0x0000000090b00000|  0%| F|  |TAMS 0x0000000090a00000, 0x0000000090a00000| Untracked 
|  95|0x0000000090b00000, 0x0000000090b00000, 0x0000000090c00000|  0%| F|  |TAMS 0x0000000090b00000, 0x0000000090b00000| Untracked 
|  96|0x0000000090c00000, 0x0000000090c00000, 0x0000000090d00000|  0%| F|  |TAMS 0x0000000090c00000, 0x0000000090c00000| Untracked 
|  97|0x0000000090d00000, 0x0000000090d00000, 0x0000000090e00000|  0%| F|  |TAMS 0x0000000090d00000, 0x0000000090d00000| Untracked 
|  98|0x0000000090e00000, 0x0000000090e00000, 0x0000000090f00000|  0%| F|  |TAMS 0x0000000090e00000, 0x0000000090e00000| Untracked 
|  99|0x0000000090f00000, 0x0000000090f00000, 0x0000000091000000|  0%| F|  |TAMS 0x0000000090f00000, 0x0000000090f00000| Untracked 
| 100|0x0000000091000000, 0x0000000091000000, 0x0000000091100000|  0%| F|  |TAMS 0x0000000091000000, 0x0000000091000000| Untracked 
| 101|0x0000000091100000, 0x0000000091100000, 0x0000000091200000|  0%| F|  |TAMS 0x0000000091100000, 0x0000000091100000| Untracked 
| 102|0x0000000091200000, 0x0000000091200000, 0x0000000091300000|  0%| F|  |TAMS 0x0000000091200000, 0x0000000091200000| Untracked 
| 103|0x0000000091300000, 0x0000000091300000, 0x0000000091400000|  0%| F|  |TAMS 0x0000000091300000, 0x0000000091300000| Untracked 
| 104|0x0000000091400000, 0x0000000091400000, 0x0000000091500000|  0%| F|  |TAMS 0x0000000091400000, 0x0000000091400000| Untracked 
| 105|0x0000000091500000, 0x0000000091500000, 0x0000000091600000|  0%| F|  |TAMS 0x0000000091500000, 0x0000000091500000| Untracked 
| 106|0x0000000091600000, 0x0000000091600000, 0x0000000091700000|  0%| F|  |TAMS 0x0000000091600000, 0x0000000091600000| Untracked 
| 107|0x0000000091700000, 0x0000000091700000, 0x0000000091800000|  0%| F|  |TAMS 0x0000000091700000, 0x0000000091700000| Untracked 
| 108|0x0000000091800000, 0x000000009187a108, 0x0000000091900000| 47%| E|  |TAMS 0x0000000091800000, 0x0000000091800000| Complete 
| 109|0x0000000091900000, 0x0000000091a00000, 0x0000000091a00000|100%| E|CS|TAMS 0x0000000091900000, 0x0000000091900000| Complete 
| 110|0x0000000091a00000, 0x0000000091b00000, 0x0000000091b00000|100%| E|CS|TAMS 0x0000000091a00000, 0x0000000091a00000| Complete 
| 111|0x0000000091b00000, 0x0000000091c00000, 0x0000000091c00000|100%| E|CS|TAMS 0x0000000091b00000, 0x0000000091b00000| Complete 
| 112|0x0000000091c00000, 0x0000000091d00000, 0x0000000091d00000|100%| E|CS|TAMS 0x0000000091c00000, 0x0000000091c00000| Complete 
| 113|0x0000000091d00000, 0x0000000091e00000, 0x0000000091e00000|100%| E|CS|TAMS 0x0000000091d00000, 0x0000000091d00000| Complete 
| 114|0x0000000091e00000, 0x0000000091f00000, 0x0000000091f00000|100%| E|CS|TAMS 0x0000000091e00000, 0x0000000091e00000| Complete 
| 115|0x0000000091f00000, 0x0000000092000000, 0x0000000092000000|100%| E|CS|TAMS 0x0000000091f00000, 0x0000000091f00000| Complete 
| 116|0x0000000092000000, 0x0000000092100000, 0x0000000092100000|100%| E|CS|TAMS 0x0000000092000000, 0x0000000092000000| Complete 
| 117|0x0000000092100000, 0x0000000092200000, 0x0000000092200000|100%| E|CS|TAMS 0x0000000092100000, 0x0000000092100000| Complete 
| 118|0x0000000092200000, 0x0000000092300000, 0x0000000092300000|100%| E|CS|TAMS 0x0000000092200000, 0x0000000092200000| Complete 
| 119|0x0000000092300000, 0x0000000092400000, 0x0000000092400000|100%| E|CS|TAMS 0x0000000092300000, 0x0000000092300000| Complete 
| 120|0x0000000092400000, 0x0000000092500000, 0x0000000092500000|100%| E|CS|TAMS 0x0000000092400000, 0x0000000092400000| Complete 
| 121|0x0000000092500000, 0x0000000092596d38, 0x0000000092600000| 58%| S|CS|TAMS 0x0000000092500000, 0x0000000092500000| Complete 
| 122|0x0000000092600000, 0x0000000092700000, 0x0000000092700000|100%| E|CS|TAMS 0x0000000092600000, 0x0000000092600000| Complete 
| 123|0x0000000092700000, 0x0000000092800000, 0x0000000092800000|100%| E|CS|TAMS 0x0000000092700000, 0x0000000092700000| Complete 
| 124|0x0000000092800000, 0x0000000092900000, 0x0000000092900000|100%| E|CS|TAMS 0x0000000092800000, 0x0000000092800000| Complete 

Card table byte_map: [0x000002aec6b90000,0x000002aec6f40000] _byte_map_base: 0x000002aec673a000

Marking Bits (Prev, Next): (CMBitMap*) 0x000002aeaf005fc0, (CMBitMap*) 0x000002aeaf006000
 Prev Bits: [0x000002aec72f0000, 0x000002aec9040000)
 Next Bits: [0x000002aec9040000, 0x000002aecad90000)

Polling page: 0x000002aead6e0000

Metaspace:

Usage:
  Non-class:     47.72 MB used.
      Class:      6.08 MB used.
       Both:     53.80 MB used.

Virtual space:
  Non-class space:       64.00 MB reserved,      47.94 MB ( 75%) committed,  1 nodes.
      Class space:        1.00 GB reserved,       6.25 MB ( <1%) committed,  1 nodes.
             Both:        1.06 GB reserved,      54.19 MB (  5%) committed. 

Chunk freelists:
   Non-Class:  15.36 MB
       Class:  9.70 MB
        Both:  25.06 MB

MaxMetaspaceSize: unlimited
CompressedClassSpaceSize: 1.00 GB
Initial GC threshold: 21.00 MB
Current GC threshold: 89.31 MB
CDS: on
MetaspaceReclaimPolicy: balanced
 - commit_granule_bytes: 65536.
 - commit_granule_words: 8192.
 - virtual_space_node_default_size: 8388608.
 - enlarge_chunks_in_place: 1.
 - new_chunks_are_fully_committed: 0.
 - uncommit_free_chunks: 1.
 - use_allocation_guard: 0.
 - handle_deallocations: 1.


Internal statistics:

num_allocs_failed_limit: 6.
num_arena_births: 368.
num_arena_deaths: 0.
num_vsnodes_births: 2.
num_vsnodes_deaths: 0.
num_space_committed: 865.
num_space_uncommitted: 0.
num_chunks_returned_to_freelist: 6.
num_chunks_taken_from_freelist: 2466.
num_chunk_merges: 6.
num_chunk_splits: 1858.
num_chunks_enlarged: 1572.
num_inconsistent_stats: 0.

CodeHeap 'non-profiled nmethods': size=120000Kb used=5625Kb max_used=5625Kb free=114374Kb
 bounds [0x000002aebe630000, 0x000002aebebb0000, 0x000002aec5b60000]
CodeHeap 'profiled nmethods': size=120000Kb used=29381Kb max_used=29381Kb free=90618Kb
 bounds [0x000002aeb6b60000, 0x000002aeb8820000, 0x000002aebe090000]
CodeHeap 'non-nmethods': size=5760Kb used=1316Kb max_used=1404Kb free=4443Kb
 bounds [0x000002aebe090000, 0x000002aebe300000, 0x000002aebe630000]
 total_blobs=10005 nmethods=9380 adapters=534
 compilation: enabled
              stopped_count=0, restarted_count=0
 full_count=0

Compilation events (20 events):
Event: 19.814 Thread 0x000002aecdb48390 nmethod 10871 0x000002aeb87e9a90 code [0x000002aeb87ea240, 0x000002aeb87ee6c8]
Event: 19.814 Thread 0x000002aecdb48390 10872       3       org.jetbrains.kotlin.resolve.VariableTypeAndInitializerResolver::setConstantForVariableIfNeeded (89 bytes)
Event: 19.816 Thread 0x000002aecdb48390 nmethod 10872 0x000002aeb87efb10 code [0x000002aeb87f00a0, 0x000002aeb87f2978]
Event: 19.816 Thread 0x000002aecdb48390 10873       3       org.jetbrains.kotlin.psi.KtProperty::getContextReceivers (40 bytes)
Event: 19.818 Thread 0x000002aecdb48390 nmethod 10873 0x000002aeb87f3790 code [0x000002aeb87f3a00, 0x000002aeb87f4588]
Event: 19.818 Thread 0x000002aecdb48390 10874       3       org.jetbrains.kotlin.com.google.common.collect.ArrayListMultimap::createCollection (5 bytes)
Event: 19.818 Thread 0x000002aecdb48390 nmethod 10874 0x000002aeb87f4910 code [0x000002aeb87f4ac0, 0x000002aeb87f4cc8]
Event: 19.818 Thread 0x000002aecdb48390 10875       3       org.jetbrains.kotlin.com.google.common.collect.ArrayListMultimap::createCollection (12 bytes)
Event: 19.818 Thread 0x000002aecdb48390 nmethod 10875 0x000002aeb87f4d90 code [0x000002aeb87f4f40, 0x000002aeb87f50e8]
Event: 19.826 Thread 0x000002aecdb48390 10876       3       org.jetbrains.kotlin.resolve.AnnotationChecker::check (863 bytes)
Event: 21.866 Thread 0x000002aecdb48390 nmethod 10876 0x000002aeb87f5190 code [0x000002aeb87f5d20, 0x000002aeb87fe358]
Event: 21.875 Thread 0x000002aecdb48390 10877       3       org.jetbrains.kotlin.resolve.calls.context.ResolutionContext$$Lambda$496/0x000002aecf4bea10::invoke (8 bytes)
Event: 21.875 Thread 0x000002aecdb48390 nmethod 10877 0x000002aeb8800290 code [0x000002aeb8800440, 0x000002aeb88006d8]
Event: 21.875 Thread 0x000002aecdb48390 10878       3       org.jetbrains.kotlin.resolve.calls.inference.components.ConstraintInjector$TypeCheckerStateForConstraintInjector::addLowerConstraint (25 bytes)
Event: 21.876 Thread 0x000002aecdb48390 nmethod 10878 0x000002aeb8800790 code [0x000002aeb8800a20, 0x000002aeb88014c8]
Event: 21.879 Thread 0x000002aecdb48390 10879       3       java.util.HashMap::remove (26 bytes)
Event: 21.879 Thread 0x000002aecdb48390 nmethod 10879 0x000002aeb8801890 code [0x000002aeb8801a60, 0x000002aeb8801dd8]
Event: 21.879 Thread 0x000002aecdb48390 10880       3       org.jetbrains.kotlin.load.java.typeEnhancement.NotNullTypeParameterImpl::prepareReplacement (30 bytes)
Event: 21.880 Thread 0x000002aecdb48390 nmethod 10880 0x000002aeb8801f10 code [0x000002aeb8802220, 0x000002aeb8803218]
Event: 21.899 Thread 0x000002aecdb48390 10881       3       org.jetbrains.kotlin.serialization.deserialization.descriptors.DeserializedTypeParameterDescriptor::<init> (106 bytes)

GC Heap History (20 events):
Event: 8.552 GC heap before
{Heap before GC invocations=12 (full 0):
 garbage-first heap   total 92160K, used 72794K [0x000000008ac00000, 0x0000000100000000)
  region size 1024K, 28 young (28672K), 4 survivors (4096K)
 Metaspace       used 43597K, committed 43968K, reserved 1114112K
  class space    used 5351K, committed 5504K, reserved 1048576K
}
Event: 8.562 GC heap after
{Heap after GC invocations=13 (full 0):
 garbage-first heap   total 92160K, used 50678K [0x000000008ac00000, 0x0000000100000000)
  region size 1024K, 3 young (3072K), 3 survivors (3072K)
 Metaspace       used 43597K, committed 43968K, reserved 1114112K
  class space    used 5351K, committed 5504K, reserved 1048576K
}
Event: 9.618 GC heap before
{Heap before GC invocations=14 (full 0):
 garbage-first heap   total 92160K, used 75254K [0x000000008ac00000, 0x0000000100000000)
  region size 1024K, 27 young (27648K), 3 survivors (3072K)
 Metaspace       used 46447K, committed 46784K, reserved 1114112K
  class space    used 5634K, committed 5824K, reserved 1048576K
}
Event: 9.634 GC heap after
{Heap after GC invocations=15 (full 0):
 garbage-first heap   total 92160K, used 56029K [0x000000008ac00000, 0x0000000100000000)
  region size 1024K, 4 young (4096K), 4 survivors (4096K)
 Metaspace       used 46447K, committed 46784K, reserved 1114112K
  class space    used 5634K, committed 5824K, reserved 1048576K
}
Event: 10.423 GC heap before
{Heap before GC invocations=15 (full 0):
 garbage-first heap   total 92160K, used 74461K [0x000000008ac00000, 0x0000000100000000)
  region size 1024K, 22 young (22528K), 4 survivors (4096K)
 Metaspace       used 47920K, committed 48256K, reserved 1114112K
  class space    used 5712K, committed 5888K, reserved 1048576K
}
Event: 10.436 GC heap after
{Heap after GC invocations=16 (full 0):
 garbage-first heap   total 121856K, used 58783K [0x000000008ac00000, 0x0000000100000000)
  region size 1024K, 3 young (3072K), 3 survivors (3072K)
 Metaspace       used 47920K, committed 48256K, reserved 1114112K
  class space    used 5712K, committed 5888K, reserved 1048576K
}
Event: 11.880 GC heap before
{Heap before GC invocations=17 (full 0):
 garbage-first heap   total 121856K, used 94623K [0x000000008ac00000, 0x0000000100000000)
  region size 1024K, 38 young (38912K), 3 survivors (3072K)
 Metaspace       used 51543K, committed 51904K, reserved 1114112K
  class space    used 6091K, committed 6272K, reserved 1048576K
}
Event: 11.901 GC heap after
{Heap after GC invocations=18 (full 0):
 garbage-first heap   total 121856K, used 63045K [0x000000008ac00000, 0x0000000100000000)
  region size 1024K, 5 young (5120K), 5 survivors (5120K)
 Metaspace       used 51543K, committed 51904K, reserved 1114112K
  class space    used 6091K, committed 6272K, reserved 1048576K
}
Event: 13.397 GC heap before
{Heap before GC invocations=18 (full 0):
 garbage-first heap   total 121856K, used 95813K [0x000000008ac00000, 0x0000000100000000)
  region size 1024K, 37 young (37888K), 5 survivors (5120K)
 Metaspace       used 53190K, committed 53632K, reserved 1114112K
  class space    used 6146K, committed 6336K, reserved 1048576K
}
Event: 13.416 GC heap after
{Heap after GC invocations=19 (full 0):
 garbage-first heap   total 121856K, used 67116K [0x000000008ac00000, 0x0000000100000000)
  region size 1024K, 4 young (4096K), 4 survivors (4096K)
 Metaspace       used 53190K, committed 53632K, reserved 1114112K
  class space    used 6146K, committed 6336K, reserved 1048576K
}
Event: 13.616 GC heap before
{Heap before GC invocations=20 (full 0):
 garbage-first heap   total 121856K, used 70188K [0x000000008ac00000, 0x0000000100000000)
  region size 1024K, 8 young (8192K), 4 survivors (4096K)
 Metaspace       used 53285K, committed 53696K, reserved 1114112K
  class space    used 6147K, committed 6336K, reserved 1048576K
}
Event: 13.624 GC heap after
{Heap after GC invocations=21 (full 0):
 garbage-first heap   total 121856K, used 68089K [0x000000008ac00000, 0x0000000100000000)
  region size 1024K, 1 young (1024K), 1 survivors (1024K)
 Metaspace       used 53285K, committed 53696K, reserved 1114112K
  class space    used 6147K, committed 6336K, reserved 1048576K
}
Event: 15.332 GC heap before
{Heap before GC invocations=22 (full 0):
 garbage-first heap   total 126976K, used 98809K [0x000000008ac00000, 0x0000000100000000)
  region size 1024K, 30 young (30720K), 1 survivors (1024K)
 Metaspace       used 53888K, committed 54272K, reserved 1114112K
  class space    used 6159K, committed 6336K, reserved 1048576K
}
Event: 15.345 GC heap after
{Heap after GC invocations=23 (full 0):
 garbage-first heap   total 126976K, used 71680K [0x000000008ac00000, 0x0000000100000000)
  region size 1024K, 4 young (4096K), 4 survivors (4096K)
 Metaspace       used 53888K, committed 54272K, reserved 1114112K
  class space    used 6159K, committed 6336K, reserved 1048576K
}
Event: 17.272 GC heap before
{Heap before GC invocations=23 (full 0):
 garbage-first heap   total 126976K, used 102400K [0x000000008ac00000, 0x0000000100000000)
  region size 1024K, 34 young (34816K), 4 survivors (4096K)
 Metaspace       used 54417K, committed 54848K, reserved 1114112K
  class space    used 6179K, committed 6400K, reserved 1048576K
}
Event: 17.297 GC heap after
{Heap after GC invocations=24 (full 0):
 garbage-first heap   total 126976K, used 75767K [0x000000008ac00000, 0x0000000100000000)
  region size 1024K, 4 young (4096K), 4 survivors (4096K)
 Metaspace       used 54417K, committed 54848K, reserved 1114112K
  class space    used 6179K, committed 6400K, reserved 1048576K
}
Event: 18.984 GC heap before
{Heap before GC invocations=25 (full 0):
 garbage-first heap   total 128000K, used 105463K [0x000000008ac00000, 0x0000000100000000)
  region size 1024K, 31 young (31744K), 4 survivors (4096K)
 Metaspace       used 54834K, committed 55232K, reserved 1114112K
  class space    used 6201K, committed 6400K, reserved 1048576K
}
Event: 18.997 GC heap after
{Heap after GC invocations=26 (full 0):
 garbage-first heap   total 128000K, used 80698K [0x000000008ac00000, 0x0000000100000000)
  region size 1024K, 3 young (3072K), 3 survivors (3072K)
 Metaspace       used 54834K, committed 55232K, reserved 1114112K
  class space    used 6201K, committed 6400K, reserved 1048576K
}
Event: 19.105 GC heap before
{Heap before GC invocations=26 (full 0):
 garbage-first heap   total 128000K, used 83770K [0x000000008ac00000, 0x0000000100000000)
  region size 1024K, 6 young (6144K), 3 survivors (3072K)
 Metaspace       used 54846K, committed 55232K, reserved 1114112K
  class space    used 6201K, committed 6400K, reserved 1048576K
}
Event: 19.116 GC heap after
{Heap after GC invocations=27 (full 0):
 garbage-first heap   total 128000K, used 80716K [0x000000008ac00000, 0x0000000100000000)
  region size 1024K, 1 young (1024K), 1 survivors (1024K)
 Metaspace       used 54846K, committed 55232K, reserved 1114112K
  class space    used 6201K, committed 6400K, reserved 1048576K
}

Dll operation events (7 events):
Event: 0.027 Loaded shared library C:\Program Files\Eclipse Adoptium\jdk-17.0.17.10-hotspot\bin\java.dll
Event: 0.048 Loaded shared library C:\Program Files\Eclipse Adoptium\jdk-17.0.17.10-hotspot\bin\jsvml.dll
Event: 0.107 Loaded shared library C:\Program Files\Eclipse Adoptium\jdk-17.0.17.10-hotspot\bin\net.dll
Event: 0.113 Loaded shared library C:\Program Files\Eclipse Adoptium\jdk-17.0.17.10-hotspot\bin\nio.dll
Event: 0.147 Loaded shared library C:\Program Files\Eclipse Adoptium\jdk-17.0.17.10-hotspot\bin\zip.dll
Event: 0.188 Loaded shared library C:\Program Files\Eclipse Adoptium\jdk-17.0.17.10-hotspot\bin\jimage.dll
Event: 2.285 Loaded shared library C:\Program Files\Eclipse Adoptium\jdk-17.0.17.10-hotspot\bin\verify.dll

Deoptimization events (20 events):
Event: 19.770 Thread 0x000002aeaefab000 Uncommon trap: trap_request=0xffffffde fr.pc=0x000002aebe7a9bec relative=0x000000000000018c
Event: 19.770 Thread 0x000002aeaefab000 Uncommon trap: reason=class_check action=maybe_recompile pc=0x000002aebe7a9bec method=org.jetbrains.kotlin.com.intellij.lexer.FlexAdapter.locateToken()V @ 29 c2
Event: 19.770 Thread 0x000002aeaefab000 DEOPT PACKING pc=0x000002aebe7a9bec sp=0x000000c1521f86a0
Event: 19.770 Thread 0x000002aeaefab000 DEOPT UNPACKING pc=0x000002aebe0e69a3 sp=0x000000c1521f8600 mode 2
Event: 19.770 Thread 0x000002aeaefab000 Uncommon trap: trap_request=0xffffffde fr.pc=0x000002aebe7a9bec relative=0x000000000000018c
Event: 19.770 Thread 0x000002aeaefab000 Uncommon trap: reason=class_check action=maybe_recompile pc=0x000002aebe7a9bec method=org.jetbrains.kotlin.com.intellij.lexer.FlexAdapter.locateToken()V @ 29 c2
Event: 19.770 Thread 0x000002aeaefab000 DEOPT PACKING pc=0x000002aebe7a9bec sp=0x000000c1521f86a0
Event: 19.770 Thread 0x000002aeaefab000 DEOPT UNPACKING pc=0x000002aebe0e69a3 sp=0x000000c1521f8600 mode 2
Event: 19.770 Thread 0x000002aeaefab000 Uncommon trap: trap_request=0xffffffde fr.pc=0x000002aebe792050 relative=0x0000000000000170
Event: 19.770 Thread 0x000002aeaefab000 Uncommon trap: reason=class_check action=maybe_recompile pc=0x000002aebe792050 method=org.jetbrains.kotlin.com.intellij.lexer.FlexAdapter.locateToken()V @ 29 c2
Event: 19.770 Thread 0x000002aeaefab000 DEOPT PACKING pc=0x000002aebe792050 sp=0x000000c1521f8650
Event: 19.770 Thread 0x000002aeaefab000 DEOPT UNPACKING pc=0x000002aebe0e69a3 sp=0x000000c1521f8600 mode 2
Event: 19.770 Thread 0x000002aeaefab000 Uncommon trap: trap_request=0xffffffde fr.pc=0x000002aebe7aa6e4 relative=0x0000000000000184
Event: 19.770 Thread 0x000002aeaefab000 Uncommon trap: reason=class_check action=maybe_recompile pc=0x000002aebe7aa6e4 method=org.jetbrains.kotlin.com.intellij.lexer.FlexAdapter.locateToken()V @ 29 c2
Event: 19.770 Thread 0x000002aeaefab000 DEOPT PACKING pc=0x000002aebe7aa6e4 sp=0x000000c1521f8720
Event: 19.770 Thread 0x000002aeaefab000 DEOPT UNPACKING pc=0x000002aebe0e69a3 sp=0x000000c1521f8680 mode 2
Event: 19.777 Thread 0x000002aeaefab000 Uncommon trap: trap_request=0xffffff45 fr.pc=0x000002aebe8e8860 relative=0x0000000000000ac0
Event: 19.777 Thread 0x000002aeaefab000 Uncommon trap: reason=unstable_if action=reinterpret pc=0x000002aebe8e8860 method=org.jetbrains.kotlin.parsing.KotlinCommonParserDefinition.createElement(Lorg/jetbrains/kotlin/com/intellij/lang/ASTNode;)Lorg/jetbrains/kotlin/com/intellij/psi/PsiElement; @
Event: 19.777 Thread 0x000002aeaefab000 DEOPT PACKING pc=0x000002aebe8e8860 sp=0x000000c1521f8d50
Event: 19.777 Thread 0x000002aeaefab000 DEOPT UNPACKING pc=0x000002aebe0e69a3 sp=0x000000c1521f8c38 mode 2

Classes loaded (20 events):
Event: 7.432 Loading class java/text/CharacterIterator done
Event: 7.432 Loading class java/text/StringCharacterIterator done
Event: 8.346 Loading class java/util/stream/LongStream
Event: 8.346 Loading class java/util/stream/LongStream done
Event: 8.346 Loading class java/util/stream/DoubleStream
Event: 8.346 Loading class java/util/stream/DoubleStream done
Event: 8.525 Loading class java/util/EnumMap$EntrySet
Event: 8.526 Loading class java/util/EnumMap$EntrySet done
Event: 8.526 Loading class java/util/EnumMap$EntryIterator
Event: 8.526 Loading class java/util/EnumMap$EnumMapIterator
Event: 8.526 Loading class java/util/EnumMap$EnumMapIterator done
Event: 8.526 Loading class java/util/EnumMap$EntryIterator done
Event: 8.527 Loading class java/util/EnumMap$EntryIterator$Entry
Event: 8.527 Loading class java/util/EnumMap$EntryIterator$Entry done
Event: 9.661 Loading class java/util/RegularEnumSet$EnumSetIterator
Event: 9.661 Loading class java/util/RegularEnumSet$EnumSetIterator done
Event: 11.421 Loading class java/util/Collections$2
Event: 11.422 Loading class java/util/Collections$2 done
Event: 12.427 Loading class java/util/concurrent/locks/AbstractQueuedSynchronizer$Node
Event: 12.428 Loading class java/util/concurrent/locks/AbstractQueuedSynchronizer$Node done

Classes unloaded (0 events):
No events

Classes redefined (0 events):
No events

Internal exceptions (20 events):
Event: 10.851 Thread 0x000002aeaefab000 Implicit null exception at 0x000002aebe8a9fa7 to 0x000002aebe8aea00
Event: 10.851 Thread 0x000002aeaefab000 Implicit null exception at 0x000002aebe8a9fa7 to 0x000002aebe8aea00
Event: 10.851 Thread 0x000002aeaefab000 Implicit null exception at 0x000002aebe8a9fa7 to 0x000002aebe8aea00
Event: 10.851 Thread 0x000002aeaefab000 Implicit null exception at 0x000002aebe8a9fa7 to 0x000002aebe8aea00
Event: 10.851 Thread 0x000002aeaefab000 Implicit null exception at 0x000002aebe8a9fa7 to 0x000002aebe8aea00
Event: 10.851 Thread 0x000002aeaefab000 Implicit null exception at 0x000002aebe8a9fa7 to 0x000002aebe8aea00
Event: 10.851 Thread 0x000002aeaefab000 Implicit null exception at 0x000002aebe8a9fa7 to 0x000002aebe8aea00
Event: 10.851 Thread 0x000002aeaefab000 Implicit null exception at 0x000002aebe84c685 to 0x000002aebe8523c8
Event: 11.029 Thread 0x000002aeaefab000 Exception <a 'java/lang/NoSuchMethodError'{0x0000000091755770}: 'java.lang.Object java.lang.invoke.DirectMethodHandle$Holder.newInvokeSpecial(java.lang.Object, int, java.lang.Object, java.lang.Object)'> (0x0000000091755770) 
thrown [s\src\hotspot\share\interpreter\linkResolver.cpp, line 759]
Event: 11.030 Thread 0x000002aeaefab000 Exception <a 'java/lang/NoSuchMethodError'{0x0000000091759ec0}: 'java.lang.Object java.lang.invoke.DirectMethodHandle$Holder.invokeSpecial(java.lang.Object, java.lang.Object, int, java.lang.Object, java.lang.Object)'> (0x0000000091759ec0) 
thrown [s\src\hotspot\share\interpreter\linkResolver.cpp, line 759]
Event: 11.342 Thread 0x000002aeaefab000 Implicit null exception at 0x000002aebe8728dc to 0x000002aebe873b10
Event: 11.401 Thread 0x000002aeaefab000 Exception <a 'java/lang/NoSuchMethodError'{0x0000000090dbee40}: 'java.lang.Object java.lang.invoke.DirectMethodHandle$Holder.invokeInterface(java.lang.Object, java.lang.Object, java.lang.Object)'> (0x0000000090dbee40) 
thrown [s\src\hotspot\share\interpreter\linkResolver.cpp, line 759]
Event: 11.402 Thread 0x000002aeaefab000 Exception <a 'java/lang/IncompatibleClassChangeError'{0x0000000090dc27b0}: Found class java.lang.Object, but interface was expected> (0x0000000090dc27b0) 
thrown [s\src\hotspot\share\interpreter\linkResolver.cpp, line 826]
Event: 11.561 Thread 0x000002aeaefab000 Exception <a 'java/lang/NoSuchMethodError'{0x00000000908bde00}: 'java.lang.Object java.lang.invoke.DirectMethodHandle$Holder.invokeStatic(java.lang.Object, java.lang.Object, int, java.lang.Object)'> (0x00000000908bde00) 
thrown [s\src\hotspot\share\interpreter\linkResolver.cpp, line 759]
Event: 11.562 Thread 0x000002aeaefab000 Exception <a 'java/lang/NoSuchMethodError'{0x00000000908c6080}: 'java.lang.Object java.lang.invoke.DirectMethodHandle$Holder.newInvokeSpecial(java.lang.Object, java.lang.Object, int, java.lang.Object)'> (0x00000000908c6080) 
thrown [s\src\hotspot\share\interpreter\linkResolver.cpp, line 759]
Event: 11.563 Thread 0x000002aeaefab000 Exception <a 'java/lang/NoSuchMethodError'{0x00000000908ca980}: 'java.lang.Object java.lang.invoke.DirectMethodHandle$Holder.invokeSpecial(java.lang.Object, java.lang.Object, java.lang.Object, int, java.lang.Object)'> (0x00000000908ca980) 
thrown [s\src\hotspot\share\interpreter\linkResolver.cpp, line 759]
Event: 11.563 Thread 0x000002aeaefab000 Exception <a 'java/lang/NoSuchMethodError'{0x00000000908ceb50}: 'java.lang.Object java.lang.invoke.Invokers$Holder.linkToTargetMethod(java.lang.Object, int, java.lang.Object, java.lang.Object)'> (0x00000000908ceb50) 
thrown [s\src\hotspot\share\interpreter\linkResolver.cpp, line 759]
Event: 13.204 Thread 0x000002aeaefab000 Implicit null exception at 0x000002aebea01bcf to 0x000002aebea02ab8
Event: 15.670 Thread 0x000002aeaefab000 Implicit null exception at 0x000002aebe6a3f92 to 0x000002aebe6a4548
Event: 15.792 Thread 0x000002aeaefab000 Implicit null exception at 0x000002aebea5c1ab to 0x000002aebea5d9a8

VM Operations (20 events):
Event: 18.609 Executing VM operation: HandshakeAllThreads
Event: 18.609 Executing VM operation: HandshakeAllThreads done
Event: 18.922 Executing VM operation: ICBufferFull
Event: 18.922 Executing VM operation: ICBufferFull done
Event: 18.984 Executing VM operation: G1CollectForAllocation
Event: 18.997 Executing VM operation: G1CollectForAllocation done
Event: 19.105 Executing VM operation: G1CollectForAllocation
Event: 19.116 Executing VM operation: G1CollectForAllocation done
Event: 19.123 Executing VM operation: HandshakeAllThreads
Event: 19.124 Executing VM operation: HandshakeAllThreads done
Event: 19.369 Executing VM operation: HandshakeAllThreads
Event: 19.369 Executing VM operation: HandshakeAllThreads done
Event: 19.601 Executing VM operation: ICBufferFull
Event: 19.602 Executing VM operation: ICBufferFull done
Event: 19.764 Executing VM operation: HandshakeAllThreads
Event: 19.765 Executing VM operation: HandshakeAllThreads done
Event: 20.769 Executing VM operation: Cleanup
Event: 21.859 Executing VM operation: Cleanup done
Event: 22.871 Executing VM operation: Cleanup
Event: 22.872 Executing VM operation: Cleanup done

Memory protections (0 events):
No events

Nmethod flushes (20 events):
Event: 15.976 Thread 0x000002aecdb52fd0 flushing  nmethod 0x000002aeb7b55310
Event: 15.977 Thread 0x000002aecdb52fd0 flushing  nmethod 0x000002aeb7c0e790
Event: 15.977 Thread 0x000002aecdb52fd0 flushing  nmethod 0x000002aeb7c29390
Event: 15.977 Thread 0x000002aecdb52fd0 flushing  nmethod 0x000002aeb7c96390
Event: 15.978 Thread 0x000002aecdb52fd0 flushing  nmethod 0x000002aeb7ca2290
Event: 15.978 Thread 0x000002aecdb52fd0 flushing  nmethod 0x000002aeb7cc0c10
Event: 15.978 Thread 0x000002aecdb52fd0 flushing  nmethod 0x000002aeb7d07410
Event: 15.979 Thread 0x000002aecdb52fd0 flushing  nmethod 0x000002aeb7dce510
Event: 15.980 Thread 0x000002aecdb52fd0 flushing  nmethod 0x000002aeb7e83e90
Event: 15.980 Thread 0x000002aecdb52fd0 flushing  nmethod 0x000002aeb7eb6290
Event: 15.981 Thread 0x000002aecdb52fd0 flushing  nmethod 0x000002aeb7f49410
Event: 15.983 Thread 0x000002aecdb52fd0 flushing  nmethod 0x000002aeb8154b10
Event: 15.984 Thread 0x000002aecdb52fd0 flushing  nmethod 0x000002aeb81ed810
Event: 15.984 Thread 0x000002aecdb52fd0 flushing  nmethod 0x000002aeb820a210
Event: 15.984 Thread 0x000002aecdb52fd0 flushing  nmethod 0x000002aeb8222210
Event: 15.985 Thread 0x000002aecdb52fd0 flushing  nmethod 0x000002aeb82b3a90
Event: 15.986 Thread 0x000002aecdb52fd0 flushing  nmethod 0x000002aeb8384c10
Event: 19.372 Thread 0x000002aecdb52fd0 flushing  nmethod 0x000002aebea04c90
Event: 19.372 Thread 0x000002aecdb52fd0 flushing  nmethod 0x000002aebea38d10
Event: 19.375 Thread 0x000002aecdb52fd0 flushing  nmethod 0x000002aeb6c50210

Events (20 events):
Event: 0.064 Thread 0x000002aeaefab000 Thread added: 0x000002aecdb430f0
Event: 0.064 Thread 0x000002aeaefab000 Thread added: 0x000002aecdb43ab0
Event: 0.064 Thread 0x000002aeaefab000 Thread added: 0x000002aecdb44470
Event: 0.064 Thread 0x000002aeaefab000 Thread added: 0x000002aecdb47170
Event: 0.064 Thread 0x000002aeaefab000 Thread added: 0x000002aecdb48390
Event: 0.064 Thread 0x000002aeaefab000 Thread added: 0x000002aecdb52fd0
Event: 0.097 Thread 0x000002aeaefab000 Thread added: 0x000002aecdc99900
Event: 0.100 Thread 0x000002aeaefab000 Thread added: 0x000002aecdc9ce70
Event: 0.135 Thread 0x000002aecdb47170 Thread added: 0x000002aecdce6f70
Event: 0.413 Thread 0x000002aecdce6f70 Thread exited: 0x000002aecdce6f70
Event: 0.431 Thread 0x000002aecdb47170 Thread added: 0x000002aecdebe420
Event: 0.969 Thread 0x000002aecdebe420 Thread exited: 0x000002aecdebe420
Event: 2.407 Thread 0x000002aecdb48390 Thread added: 0x000002af13fa6670
Event: 2.414 Thread 0x000002aecdb48390 Thread added: 0x000002af1398b020
Event: 3.597 Thread 0x000002af13fa6670 Thread exited: 0x000002af13fa6670
Event: 3.597 Thread 0x000002af1398b020 Thread exited: 0x000002af1398b020
Event: 5.161 Thread 0x000002aecdb48390 Thread added: 0x000002af1449dae0
Event: 5.430 Thread 0x000002af1449dae0 Thread exited: 0x000002af1449dae0
Event: 6.500 Thread 0x000002aecdb48390 Thread added: 0x000002af1c52bda0
Event: 6.513 Thread 0x000002aecdb48390 Thread added: 0x000002af13d11670


Dynamic libraries:
0x00007ff7b47f0000 - 0x00007ff7b47fe000 	C:\Program Files\Eclipse Adoptium\jdk-17.0.17.10-hotspot\bin\java.exe
0x00007ff8da700000 - 0x00007ff8da963000 	C:\WINDOWS\SYSTEM32\ntdll.dll
0x00007ff8d90c0000 - 0x00007ff8d9187000 	C:\WINDOWS\System32\KERNEL32.DLL
0x00007ff8d7e90000 - 0x00007ff8d8241000 	C:\WINDOWS\System32\KERNELBASE.dll
0x00007ff8d4d20000 - 0x00007ff8d4dbc000 	C:\WINDOWS\SYSTEM32\apphelp.dll
0x00007ff8d8400000 - 0x00007ff8d854b000 	C:\WINDOWS\System32\ucrtbase.dll
0x00007ff8c1bf0000 - 0x00007ff8c1c0e000 	C:\Program Files\Eclipse Adoptium\jdk-17.0.17.10-hotspot\bin\VCRUNTIME140.dll
0x00007ff8c1b60000 - 0x00007ff8c1b78000 	C:\Program Files\Eclipse Adoptium\jdk-17.0.17.10-hotspot\bin\jli.dll
0x00007ff8d9b70000 - 0x00007ff8d9d33000 	C:\WINDOWS\System32\USER32.dll
0x00007ff8d8550000 - 0x00007ff8d8577000 	C:\WINDOWS\System32\win32u.dll
0x00007ff8b7740000 - 0x00007ff8b79d0000 	C:\WINDOWS\WinSxS\amd64_microsoft.windows.common-controls_6595b64144ccf1df_6.0.26100.1642_none_3e0a93bae3326442\COMCTL32.dll
0x00007ff8da690000 - 0x00007ff8da6ba000 	C:\WINDOWS\System32\GDI32.dll
0x00007ff8d8f20000 - 0x00007ff8d8fc9000 	C:\WINDOWS\System32\msvcrt.dll
0x00007ff8d8250000 - 0x00007ff8d8375000 	C:\WINDOWS\System32\gdi32full.dll
0x00007ff8d7d20000 - 0x00007ff8d7dc3000 	C:\WINDOWS\System32\msvcp_win.dll
0x00007ff8d8fd0000 - 0x00007ff8d8fff000 	C:\WINDOWS\System32\IMM32.DLL
0x00007ff8ccc40000 - 0x00007ff8ccc4c000 	C:\Program Files\Eclipse Adoptium\jdk-17.0.17.10-hotspot\bin\vcruntime140_1.dll
0x00007ff8a5730000 - 0x00007ff8a57bd000 	C:\Program Files\Eclipse Adoptium\jdk-17.0.17.10-hotspot\bin\msvcp140.dll
0x00007ff827340000 - 0x00007ff827fab000 	C:\Program Files\Eclipse Adoptium\jdk-17.0.17.10-hotspot\bin\server\jvm.dll
0x00007ff8d8e60000 - 0x00007ff8d8f12000 	C:\WINDOWS\System32\ADVAPI32.dll
0x00007ff8d9740000 - 0x00007ff8d97e6000 	C:\WINDOWS\System32\sechost.dll
0x00007ff8d9350000 - 0x00007ff8d9466000 	C:\WINDOWS\System32\RPCRT4.dll
0x00007ff8d92d0000 - 0x00007ff8d9344000 	C:\WINDOWS\System32\WS2_32.dll
0x00007ff8d77f0000 - 0x00007ff8d783e000 	C:\WINDOWS\SYSTEM32\POWRPROF.dll
0x00007ff8d0e60000 - 0x00007ff8d0e96000 	C:\WINDOWS\SYSTEM32\WINMM.dll
0x00007ff8d0ea0000 - 0x00007ff8d0eab000 	C:\WINDOWS\SYSTEM32\VERSION.dll
0x00007ff8d77d0000 - 0x00007ff8d77e4000 	C:\WINDOWS\SYSTEM32\UMPDC.dll
0x00007ff8d6960000 - 0x00007ff8d697a000 	C:\WINDOWS\SYSTEM32\kernel.appcore.dll
0x00007ff8cc110000 - 0x00007ff8cc11a000 	C:\Program Files\Eclipse Adoptium\jdk-17.0.17.10-hotspot\bin\jimage.dll
0x00007ff8ca700000 - 0x00007ff8ca941000 	C:\WINDOWS\SYSTEM32\DBGHELP.DLL
0x00007ff8d97f0000 - 0x00007ff8d9b6c000 	C:\WINDOWS\System32\combase.dll
0x00007ff8d95d0000 - 0x00007ff8d96a6000 	C:\WINDOWS\System32\OLEAUT32.dll
0x00007ff8bc770000 - 0x00007ff8bc7a9000 	C:\WINDOWS\SYSTEM32\dbgcore.DLL
0x00007ff8d7c80000 - 0x00007ff8d7d19000 	C:\WINDOWS\System32\bcryptPrimitives.dll
0x00007ff8bf130000 - 0x00007ff8bf155000 	C:\Program Files\Eclipse Adoptium\jdk-17.0.17.10-hotspot\bin\java.dll
0x00007ff8973a0000 - 0x00007ff897477000 	C:\Program Files\Eclipse Adoptium\jdk-17.0.17.10-hotspot\bin\jsvml.dll
0x00007ff8d9f10000 - 0x00007ff8da608000 	C:\WINDOWS\System32\SHELL32.dll
0x00007ff8d5880000 - 0x00007ff8d60ab000 	C:\WINDOWS\SYSTEM32\windows.storage.dll
0x00007ff8d91f0000 - 0x00007ff8d92c3000 	C:\WINDOWS\System32\SHCORE.dll
0x00007ff8d8580000 - 0x00007ff8d85dd000 	C:\WINDOWS\System32\shlwapi.dll
0x00007ff8d7a20000 - 0x00007ff8d7a49000 	C:\WINDOWS\SYSTEM32\profapi.dll
0x00007ff8b1170000 - 0x00007ff8b118a000 	C:\Program Files\Eclipse Adoptium\jdk-17.0.17.10-hotspot\bin\net.dll
0x00007ff8ce6e0000 - 0x00007ff8ce806000 	C:\WINDOWS\SYSTEM32\WINHTTP.dll
0x00007ff8d6e60000 - 0x00007ff8d6ec8000 	C:\WINDOWS\system32\mswsock.dll
0x00007ff8a89c0000 - 0x00007ff8a89d6000 	C:\Program Files\Eclipse Adoptium\jdk-17.0.17.10-hotspot\bin\nio.dll
0x00007ff8b5950000 - 0x00007ff8b5968000 	C:\Program Files\Eclipse Adoptium\jdk-17.0.17.10-hotspot\bin\zip.dll
0x00007ff8bf810000 - 0x00007ff8bf820000 	C:\Program Files\Eclipse Adoptium\jdk-17.0.17.10-hotspot\bin\verify.dll

dbghelp: loaded successfully - version: 4.0.5 - missing functions: none
symbol engine: initialized successfully - sym options: 0x614 - pdb path: .;C:\Program Files\Eclipse Adoptium\jdk-17.0.17.10-hotspot\bin;C:\WINDOWS\SYSTEM32;C:\WINDOWS\WinSxS\amd64_microsoft.windows.common-controls_6595b64144ccf1df_6.0.26100.1642_none_3e0a93bae3326442;C:\Program Files\Eclipse Adoptium\jdk-17.0.17.10-hotspot\bin\server

VM Arguments:
java_command: org.jetbrains.kotlin.cli.jvm.K2JVMCompiler @C:\flutter\src\flutter\packages\flutter_tools\gradle\build\20260114_6756342703584106527.compiler.options
java_class_path (initial): C:\Users\sugan\.gradle\caches\modules-2\files-2.1\org.jetbrains.kotlin\kotlin-compiler-embeddable\2.0.21\79346ed53db48b18312a472602eb5c057070c54d\kotlin-compiler-embeddable-2.0.21.jar;C:\Users\sugan\.gradle\caches\modules-2\files-2.1\org.jetbrains.kotlin\kotlin-stdlib\2.0.21\618b539767b4899b4660a83006e052b63f1db551\kotlin-stdlib-2.0.21.jar;C:\Users\sugan\.gradle\caches\modules-2\files-2.1\org.jetbrains.kotlin\kotlin-script-runtime\2.0.21\c9b044380ad41f89aa89aa896c2d32a8c0b2129d\kotlin-script-runtime-2.0.21.jar;C:\Users\sugan\.gradle\caches\modules-2\files-2.1\org.jetbrains.kotlin\kotlin-reflect\1.6.10\1cbe9c92c12a94eea200d23c2bbaedaf3daf5132\kotlin-reflect-1.6.10.jar;C:\Users\sugan\.gradle\caches\modules-2\files-2.1\org.jetbrains.kotlin\kotlin-daemon-embeddable\2.0.21\c9e933b23287de9b5a17e2116b4657bb91aea72c\kotlin-daemon-embeddable-2.0.21.jar;C:\Users\sugan\.gradle\caches\modules-2\files-2.1\org.jetbrains.intellij.deps\trove4j\1.0.20200330\3afb14d5f9ceb459d724e907a21145e8ff394f02\trove4j-1.0.20200330.jar;C:\Users\sugan\.gradle\caches\modules-2\files-2.1\org.jetbrains.kotlinx\kotlinx-coroutines-core-jvm\1.6.4\2c997cd1c0ef33f3e751d3831929aeff1390cb30\kotlinx-coroutines-core-jvm-1.6.4.jar;C:\Users\sugan\.gradle\caches\modules-2\files-2.1\org.jetbrains\annotations\13.0\919f0dfe192fb4e063e7dacadee7f8bb9a2672a9\annotations-13.0.jar
Launcher Type: SUN_STANDARD

[Global flags]
     intx CICompilerCount                          = 4                                         {product} {ergonomic}
     uint ConcGCThreads                            = 3                                         {product} {ergonomic}
     uint G1ConcRefinementThreads                  = 10                                        {product} {ergonomic}
   size_t G1HeapRegionSize                         = 1048576                                   {product} {ergonomic}
    uintx GCDrainStackTargetSize                   = 64                                        {product} {ergonomic}
   size_t InitialHeapSize                          = 123731968                                 {product} {ergonomic}
   size_t MarkStackSize                            = 4194304                                   {product} {ergonomic}
   size_t MaxHeapSize                              = 1967128576                                {product} {ergonomic}
   size_t MaxNewSize                               = 1179648000                                {product} {ergonomic}
   size_t MinHeapDeltaBytes                        = 1048576                                   {product} {ergonomic}
   size_t MinHeapSize                              = 8388608                                   {product} {ergonomic}
    uintx NonNMethodCodeHeapSize                   = 5839372                                {pd product} {ergonomic}
    uintx NonProfiledCodeHeapSize                  = 122909434                              {pd product} {ergonomic}
    uintx ProfiledCodeHeapSize                     = 122909434                              {pd product} {ergonomic}
    uintx ReservedCodeCacheSize                    = 251658240                              {pd product} {ergonomic}
     bool SegmentedCodeCache                       = true                                      {product} {ergonomic}
   size_t SoftMaxHeapSize                          = 1967128576                             {manageable} {ergonomic}
     bool UseCompressedClassPointers               = true                           {product lp64_product} {ergonomic}
     bool UseCompressedOops                        = true                           {product lp64_product} {ergonomic}
     bool UseG1GC                                  = true                                      {product} {ergonomic}
     bool UseLargePagesIndividualAllocation        = false                                  {pd product} {ergonomic}

Logging:
Log output configuration:
 #0: stdout all=warning uptime,level,tags
 #1: stderr all=off uptime,level,tags

Environment Variables:
JAVA_HOME=C:\Program Files\Eclipse Adoptium\jdk-17.0.17.10-hotspot
PATH=C:\Program Files\Eclipse Adoptium\jdk-17.0.17.10-hotspot\bin;C:\Program Files (x86)\Microsoft SDKs\Azure\CLI2\wbin;C:\Python312\Scripts\;C:\Python312\;C:\Program Files\Common Files\Oracle\Java\javapath;C:\WINDOWS\system32;C:\WINDOWS;C:\WINDOWS\System32\Wbem;C:\WINDOWS\System32\WindowsPowerShell\v1.0\;C:\WINDOWS\System32\OpenSSH\;C:\Program Files\Java\jdk-19\bin;C:\Program Files\php-8.2;C:\ProgramData\ComposerSetup\bin;C:\ProgramData\chocolatey\bin;C:\Program Files\Git\cmd;C:\Program Files\PuTTY\;C:\Program Files\nodejs\;C:\Users\sugan\Downloads\mongosh-2.5.8-win32-x64\mongosh-2.5.8-win32-x64\bin;C:\Program Files (x86)\Microsoft SDKs\Azure\CLI2\wbin;C:\Python312\Scripts\;C:\Python312\;C:\Program Files\Common Files\Oracle\Java\javapath;C:\WINDOWS\system32;C:\WINDOWS;C:\WINDOWS\System32\Wbem;C:\WINDOWS\System32\WindowsPowerShell\v1.0\;C:\WINDOWS\System32\OpenSSH\;C:\Program Files\php-8.2;C:\ProgramData\ComposerSetup\bin;C:\ProgramData\chocolatey\bin;C:\Program Files\Git\cmd;C:\Program Files\PuTTY\;C:\Program Files\nodejs\;C:\Users\sugan\Downloads\mongosh-2.5.8-win32-x64\mongosh-2.5.8-win32-x64\bin;C:\Users\sugan\AppData\Local\Programs\Python\Python311\Scripts\;C:\Users\sugan\AppData\Local\Programs\Python\Python311\;C:\Users\sugan\AppData\Local\Microsoft\WindowsApps;C:\Users\sugan\AppData\Local\GitHubDesktop\bin;C:\Users\sugan\AppData\Local\Programs\Microsoft VS Code\bin;C:\Users\sugan\AppData\Roaming\Composer\vendor\bin;C:\Program Files\Eclipse Adoptium\jdk-17.0.17.10-hotspot\bin;C:\Users\sugan\AppData\Roaming\npm;C:\flutter\src\flutter\bin;C:\Program Files\Java\jdk-17\bin;C:\Users\sugan\AppData\Local\Pub\Cache\bin;C:\Users\sugan\;C:\Users\sugan\AppData\Local\Android\Sdk\platform-tools;C:\Users\sugan\AppData\Local\Android\Sdk\cmdline-tools\latest\bin;C:\Users\sugan\AppData\Local\Android\Sdk\emulator;C:\Users\sugan\AppData\Local\Programs\Antigravity\bin
USERNAME=sugan
OS=Windows_NT
PROCESSOR_IDENTIFIER=AMD64 Family 23 Model 104 Stepping 1, AuthenticAMD
TMP=C:\Users\sugan\AppData\Local\Temp
TEMP=C:\Users\sugan\AppData\Local\Temp



Periodic native trim disabled


---------------  S Y S T E M  ---------------

OS:
 Windows 11 , 64 bit Build 26100 (10.0.26100.1620)
OS uptime: 0 days 19:40 hours
Hyper-V role detected

CPU: total 12 (initial active 12) (12 cores per cpu, 2 threads per core) family 23 model 104 stepping 1 microcode 0x8608107, cx8, cmov, fxsr, ht, mmx, 3dnowpref, sse, sse2, sse3, ssse3, sse4a, sse4.1, sse4.2, popcnt, lzcnt, tsc, tscinvbit, avx, avx2, aes, clmul, bmi1, bmi2, adx, sha, fma, vzeroupper, clflush, clflushopt, hv
Processor Information for processor 0
  Max Mhz: 2100, Current Mhz: 2100, Mhz Limit: 2100
Processor Information for processor 1
  Max Mhz: 2100, Current Mhz: 2100, Mhz Limit: 2100
Processor Information for processor 2
  Max Mhz: 2100, Current Mhz: 2100, Mhz Limit: 2100
Processor Information for processor 3
  Max Mhz: 2100, Current Mhz: 2100, Mhz Limit: 2100
Processor Information for processor 4
  Max Mhz: 2100, Current Mhz: 2100, Mhz Limit: 2100
Processor Information for processor 5
  Max Mhz: 2100, Current Mhz: 2100, Mhz Limit: 2100
Processor Information for processor 6
  Max Mhz: 2100, Current Mhz: 2100, Mhz Limit: 2100
Processor Information for processor 7
  Max Mhz: 2100, Current Mhz: 2100, Mhz Limit: 2100
Processor Information for processor 8
  Max Mhz: 2100, Current Mhz: 2100, Mhz Limit: 2100
Processor Information for processor 9
  Max Mhz: 2100, Current Mhz: 2100, Mhz Limit: 2100
Processor Information for processor 10
  Max Mhz: 2100, Current Mhz: 1988, Mhz Limit: 2100
Processor Information for processor 11
  Max Mhz: 2100, Current Mhz: 1988, Mhz Limit: 2100

Memory: 4k page, system-wide physical 7501M (424M free)
TotalPageFile size 30029M (AvailPageFile size 122M)
current process WorkingSet (physical memory assigned to process): 325M, peak: 354M
current process commit charge ("private bytes"): 392M, peak: 395M

vm_info: OpenJDK 64-Bit Server VM (17.0.17+10) for windows-amd64 JRE (17.0.17+10), built on Oct 21 2025 23:25:32 by "admin" with unknown MS VC++:1942

END.
